my-app header {
  background: #5851ff;
  color: white;
  height: 56px;
  display: -ms-flexbox;
  display: flex;
  -ms-flex-align: center;
  align-items: center;
  -webkit-box-shadow: 0 2px 5px 0 rgba(0, 0, 0, 0.26);
  box-shadow: 0 2px 5px 0 rgba(0, 0, 0, 0.26); }

my-app main .intro {
  width: 100%;
  margin-bottom: 12px;
  margin-left: 10px;
  display: -ms-flexbox;
  display: flex; }
  my-app main .intro rpg-text-input {
    width: 200px;
    margin-right: 10px; }
  my-app main .intro .intro-container:nth-child(1) {
    width: 400px; }
    my-app main .intro .intro-container:nth-child(1) rpg-text-input {
      margin: auto;
      padding-right: 10px;
      width: 100%; }
  my-app main .intro .intro-container {
    width: 600px;
    display: -ms-flexbox;
    display: flex;
    -ms-flex-wrap: wrap;
    flex-wrap: wrap; }

my-app main > div {
  float: left; }

my-app main .hit-point-box {
  margin: auto;
  text-align: left;
  min-height: 100px;
  width: 220px;
  border: 1px solid black;
  border-radius: 5px;
  padding: 10px; }
  my-app main .hit-point-box label {
    font-size: .7em; }

my-app h1 {
  font-size: 1.4rem;
  font-weight: 500;
  color: #fff;
  padding: 0 12px; }

my-app .point-example {
  width: 500px;
  margin: auto;
  text-align: center; }

my-app .attributes {
  margin-left: 10px;
  width: 10%; }

my-app .pointtrack {
  margin: auto;
  -webkit-box-sizing: border-box;
  box-sizing: border-box;
  width: 250px;
  display: -ms-flexbox;
  display: flex;
  -ms-flex-pack: center;
  justify-content: center; }
  my-app .pointtrack point-tracker {
    -ms-flex: 1;
    flex: 1; }

my-app .death-saving-throw {
  width: 201px;
  -webkit-box-sizing: content-box;
  box-sizing: content-box;
  padding: 5px 15px 5px 15px;
  border: 1px solid black;
  border-radius: 1em; }