App.loadBundle('/**:bundle-id:**/', ['exports'], function (exports) {
    var h = window.App.h;
    var EquipmentWeapon = /** @class */ (function () {
        function EquipmentWeapon() {
        }
        EquipmentWeapon.prototype.render = function () {
            return (h("div", { class: "equipment-line" }, h("rpg-text-input", { "starting-text": this.name }), h("span", null, "Damage Die"), h("rpg-text-input", { class: "quantity", "starting-text": this.currentCount }), h("rpg-text-input", { class: "weight", "starting-text": this.currentWeight }), h("span", null, "(", this.currentWeight, ")")));
        };
        Object.defineProperty(EquipmentWeapon, "is", {
            get: function () { return "rpg-equipment-weapon"; },
            enumerable: true,
            configurable: true
        });
        Object.defineProperty(EquipmentWeapon, "style", {
            get: function () { return "/**style-placeholder:rpg-equipment-weapon:**/"; },
            enumerable: true,
            configurable: true
        });
        return EquipmentWeapon;
    }());
    exports.RpgEquipmentWeapon = EquipmentWeapon;
    Object.defineProperty(exports, '__esModule', { value: true });
});
